[ 2023-06-12 22:27:21,398 ] 26 root - INFO - Data Ingestion methods Starts
[ 2023-06-12 22:27:21,515 ] 29 root - INFO - Dataset read as pandas Dataframe
[ 2023-06-12 22:27:24,613 ] 33 root - INFO - Train test split
[ 2023-06-12 22:27:25,363 ] 39 root - INFO - Ingestion of Data is completed
[ 2023-06-12 22:27:25,513 ] 77 root - INFO - Read train and test data completed
[ 2023-06-12 22:27:25,533 ] 78 root - INFO - Train Dataframe Head : 
      id  carat        cut color clarity  depth  table     x     y     z    price
0  10803   1.53  Very Good     F     SI1   61.0   60.0  7.41  7.46  4.53  12207.0
1  18925   0.54    Premium     E     SI1   62.0   60.0  5.21  5.16  3.22   1431.0
2  20042   1.44    Premium     I    VVS2   62.6   62.0  7.26  7.22  4.53   8431.0
3  67715   1.55    Premium     H     SI2   61.7   57.0  7.39  7.44  4.58   7495.0
4  28076   0.53  Very Good     D     SI2   61.8   55.0  5.16  5.19  3.20   1286.0
[ 2023-06-12 22:27:25,539 ] 79 root - INFO - Test Dataframe Head  : 
      id  carat      cut color clarity  depth  table     x     y     z   price
0  21041   0.57  Premium     E     VS2   61.6   56.0  5.31  5.36  3.28  2578.0
1  86438   1.53    Ideal     H     SI2   61.8   55.0  7.38  7.43  4.58  8545.0
2  30081   0.81    Ideal     J     SI2   62.4   55.0  5.96  5.99  3.72  1949.0
3  26846   1.01     Good     G     SI2   63.8   57.0  6.36  6.31  4.05  4516.0
4  46968   1.15    Ideal     I     VS2   60.5   57.0  6.79  6.83  4.12  4858.0
[ 2023-06-12 22:27:25,539 ] 81 root - INFO - Obtaining preprocessing object
[ 2023-06-12 22:27:25,539 ] 26 root - INFO - Data Transformation initiated
[ 2023-06-12 22:27:25,539 ] 36 root - INFO - Pipeline Initiated
[ 2023-06-12 22:27:25,736 ] 98 root - INFO - Applying preprocessing object on training and testing datasets.
[ 2023-06-12 22:27:25,743 ] 110 root - INFO - Preprocessor pickle file saved
[ 2023-06-12 22:27:25,747 ] 26 root - INFO - Splitting Dependent and Independent variables from train and test data
[ 2023-06-12 22:27:25,788 ] 45 root - INFO - Exception occured during model training
[ 2023-06-12 22:27:25,788 ] 66 root - INFO - Exception occured at Model Training
